Using pre-set license
Built from '2021.3/china_unity/release' branch; Version is '2021.3.11f1c2 (2c7757f00bfe) revision 2914135'; Using compiler version '192829333'; Build Type 'Release'
OS: 'Windows 10  (10.0.19044) 64bit Professional' Language: 'en' Physical Memory: 65341 MB
BatchMode: 1, IsHumanControllingUs: 0, StartBugReporterOnCrash: 0, Is64bit: 1, IsPro: 1

COMMAND LINE ARGUMENTS:
C:\Program Files\Unity\Hub\Editor\2021.3.11f1c2\Editor\Unity.exe
-adb2
-batchMode
-noUpm
-name
AssetImportWorker5
-projectPath
D:/UnityProject/SG(1)
-logFile
Logs/AssetImportWorker5.log
-srvPort
64235
Successfully changed project path to: D:/UnityProject/SG(1)
D:/UnityProject/SG(1)
[UnityMemory] Configuration Parameters - Can be set up in boot.config
    "memorysetup-bucket-allocator-granularity=16"
    "memorysetup-bucket-allocator-bucket-count=8"
    "memorysetup-bucket-allocator-block-size=33554432"
    "memorysetup-bucket-allocator-block-count=8"
    "memorysetup-main-allocator-block-size=16777216"
    "memorysetup-thread-allocator-block-size=16777216"
    "memorysetup-gfx-main-allocator-block-size=16777216"
    "memorysetup-gfx-thread-allocator-block-size=16777216"
    "memorysetup-cache-allocator-block-size=4194304"
    "memorysetup-typetree-allocator-block-size=2097152"
    "memorysetup-profiler-bucket-allocator-granularity=16"
    "memorysetup-profiler-bucket-allocator-bucket-count=8"
    "memorysetup-profiler-bucket-allocator-block-size=33554432"
    "memorysetup-profiler-bucket-allocator-block-count=8"
    "memorysetup-profiler-allocator-block-size=16777216"
    "memorysetup-profiler-editor-allocator-block-size=1048576"
    "memorysetup-temp-allocator-size-main=16777216"
    "memorysetup-job-temp-allocator-block-size=2097152"
    "memorysetup-job-temp-allocator-block-size-background=1048576"
    "memorysetup-job-temp-allocator-reduction-small-platforms=262144"
    "memorysetup-temp-allocator-size-background-worker=32768"
    "memorysetup-temp-allocator-size-job-worker=262144"
    "memorysetup-temp-allocator-size-preload-manager=33554432"
    "memorysetup-temp-allocator-size-nav-mesh-worker=65536"
    "memorysetup-temp-allocator-size-audio-worker=65536"
    "memorysetup-temp-allocator-size-cloud-worker=32768"
    "memorysetup-temp-allocator-size-gi-baking-worker=262144"
    "memorysetup-temp-allocator-size-gfx=262144"
AS: AutoStreaming module initializing.
Refreshing native plugins compatible for Editor in 92.70 ms, found 3 plugins.
Preloading 0 native plugins for Editor in 0.00 ms.
Initialize engine version: 2021.3.11f1c2 (2c7757f00bfe)
[Subsystems] Discovering subsystems at path C:/Program Files/Unity/Hub/Editor/2021.3.11f1c2/Editor/Data/Resources/UnitySubsystems
[Subsystems] Discovering subsystems at path D:/UnityProject/SG(1)/Assets
GfxDevice: creating device client; threaded=0; jobified=0
Direct3D:
    Version:  Direct3D 11.0 [level 11.1]
    Renderer: NVIDIA GeForce RTX 3090 (ID=0x2204)
    Vendor:   NVIDIA
    VRAM:     24348 MB
    Driver:   30.0.15.1259
Initialize mono
Mono path[0] = 'C:/Program Files/Unity/Hub/Editor/2021.3.11f1c2/Editor/Data/Managed'
Mono path[1] = 'C:/Program Files/Unity/Hub/Editor/2021.3.11f1c2/Editor/Data/MonoBleedingEdge/lib/mono/unityjit-win32'
Mono config path = 'C:/Program Files/Unity/Hub/Editor/2021.3.11f1c2/Editor/Data/MonoBleedingEdge/etc'
Using monoOptions --debugger-agent=transport=dt_socket,embedding=1,server=y,suspend=n,address=127.0.0.1:56420
Begin MonoManager ReloadAssembly
Registering precompiled unity dll's ...
Register platform support module: C:/Program Files/Unity/Hub/Editor/2021.3.11f1c2/Editor/Data/PlaybackEngines/WindowsStandaloneSupport/UnityEditor.WindowsStandalone.Extensions.dll
Registered in 0.006971 seconds.
Native extension for WindowsStandalone target not found
Refreshing native plugins compatible for Editor in 86.48 ms, found 3 plugins.
Preloading 0 native plugins for Editor in 0.00 ms.
Mono: successfully reloaded assembly
- Completed reload, in  0.600 seconds
Domain Reload Profiling:
	ReloadAssembly (600ms)
		BeginReloadAssembly (66ms)
			ExecutionOrderSort (0ms)
			DisableScriptedObjects (0ms)
			BackupInstance (0ms)
			ReleaseScriptingObjects (0ms)
			CreateAndSetChildDomain (1ms)
		EndReloadAssembly (437ms)
			LoadAssemblies (61ms)
			RebuildTransferFunctionScriptingTraits (0ms)
			SetupTypeCache (75ms)
			ReleaseScriptCaches (0ms)
			RebuildScriptCaches (23ms)
			SetupLoadedEditorAssemblies (295ms)
				LogAssemblyErrors (0ms)
				InitializePlatformSupportModulesInManaged (7ms)
				SetLoadedEditorAssemblies (0ms)
				RefreshPlugins (87ms)
				BeforeProcessingInitializeOnLoad (1ms)
				ProcessInitializeOnLoadAttributes (147ms)
				ProcessInitializeOnLoadMethodAttributes (53ms)
				AfterProcessingInitializeOnLoad (0ms)
				EditorAssembliesLoaded (0ms)
			ExecutionOrderSort2 (0ms)
			AwakeInstancesAfterBackupRestoration (0ms)
Platform modules already initialized, skipping
Registering precompiled user dll's ...
Registered in 0.005163 seconds.
Begin MonoManager ReloadAssembly
Symbol file LoadedFromMemory doesn't match image D:\UnityProject\SG(1)\Library\PackageCache\com.unity.visualscripting@1.7.8\Editor\VisualScripting.Core\Dependencies\YamlDotNet\Unity.VisualScripting.YamlDotNet.dll
Symbol file LoadedFromMemory doesn't match image D:\UnityProject\SG(1)\Library\PackageCache\com.unity.visualscripting@1.7.8\Editor\VisualScripting.Core\Dependencies\DotNetZip\Unity.VisualScripting.IonicZip.dll
Native extension for WindowsStandalone target not found
Refreshing native plugins compatible for Editor in 0.71 ms, found 3 plugins.
Preloading 0 native plugins for Editor in 0.00 ms.
Mono: successfully reloaded assembly
- Completed reload, in  0.868 seconds
Domain Reload Profiling:
	ReloadAssembly (869ms)
		BeginReloadAssembly (89ms)
			ExecutionOrderSort (0ms)
			DisableScriptedObjects (4ms)
			BackupInstance (0ms)
			ReleaseScriptingObjects (0ms)
			CreateAndSetChildDomain (14ms)
		EndReloadAssembly (681ms)
			LoadAssemblies (65ms)
			RebuildTransferFunctionScriptingTraits (0ms)
			SetupTypeCache (213ms)
			ReleaseScriptCaches (0ms)
			RebuildScriptCaches (51ms)
			SetupLoadedEditorAssemblies (313ms)
				LogAssemblyErrors (0ms)
				InitializePlatformSupportModulesInManaged (5ms)
				SetLoadedEditorAssemblies (0ms)
				RefreshPlugins (1ms)
				BeforeProcessingInitializeOnLoad (72ms)
				ProcessInitializeOnLoadAttributes (202ms)
				ProcessInitializeOnLoadMethodAttributes (23ms)
				AfterProcessingInitializeOnLoad (10ms)
				EditorAssembliesLoaded (0ms)
			ExecutionOrderSort2 (0ms)
			AwakeInstancesAfterBackupRestoration (5ms)
Platform modules already initialized, skipping
========================================================================
Worker process is ready to serve import requests
Launched and connected shader compiler UnityShaderCompiler.exe after 0.03 seconds
Refreshing native plugins compatible for Editor in 0.60 ms, found 3 plugins.
Preloading 0 native plugins for Editor in 0.00 ms.
Unloading 3517 Unused Serialized files (Serialized files now loaded: 0)
Unloading 31 unused Assets / (400.4 KB). Loaded Objects now: 3990.
Memory consumption went from 141.1 MB to 140.7 MB.
Total: 2.085500 ms (FindLiveObjects: 0.187400 ms CreateObjectMapping: 0.093000 ms MarkObjects: 1.694200 ms  DeleteObjects: 0.110100 ms)

AssetImportParameters requested are different than current active one (requested -> active):
  custom:video-decoder-ogg-theora: a1e56fd34408186e4bbccfd4996cb3dc -> 
  custom:container-muxer-webm: aa71ff27fc2769a1b78a27578f13a17b -> 
  custom:container-demuxer-webm: 4f35f7cbe854078d1ac9338744f61a02 -> 
  custom:video-encoder-webm-vp8: eb34c28f22e8b96e1ab97ce403110664 -> 
  custom:audio-encoder-webm-vorbis: bf7c407c2cedff20999df2af8eb42d56 -> 
  custom:framework-win-MediaFoundation: 216162199b28c13a410421893ffa2e32 -> 
  custom:container-demuxer-ogg: 62fdf1f143b41e24485cea50d1cbac27 -> 
  custom:video-decoder-webm-vp8: 9c59270c3fd7afecdb556c50c9e8de78 -> 
  custom:audio-decoder-ogg-vorbis: bf7c407c2cedff20999df2af8eb42d56 -> 
========================================================================
Received Import Request.
  Time since last request: 863604.272039 seconds.
  path: Assets/Mini UI/Buttons/Plain Buttons/256Px Rectangle Plain Button/Long Round Buttons Plain LIGHT DARK.png
  artifactKey: Guid(4e81e93c109e77a4789e120b37261500) Importer(815301076,1909f56bfc062723c751e8b465ee728b)
Start importing Assets/Mini UI/Buttons/Plain Buttons/256Px Rectangle Plain Button/Long Round Buttons Plain LIGHT DARK.png using Guid(4e81e93c109e77a4789e120b37261500) Importer(815301076,1909f56bfc062723c751e8b465ee728b)  -> (artifact id: '228e42a23d6da1a2060fd633e50e99af') in 0.099479 seconds 
========================================================================
Received Import Request.
  Time since last request: 0.000024 seconds.
  path: Assets/Mini UI/Panels/Plain Panel/Plain Panel GREEN.png
  artifactKey: Guid(c291aeb51e23fc74f972ebfe5e88d08d) Importer(815301076,1909f56bfc062723c751e8b465ee728b)
Start importing Assets/Mini UI/Panels/Plain Panel/Plain Panel GREEN.png using Guid(c291aeb51e23fc74f972ebfe5e88d08d) Importer(815301076,1909f56bfc062723c751e8b465ee728b)  -> (artifact id: 'db20a3e60a2a53e2236bd75c2146128c') in 0.033252 seconds 
========================================================================
Received Import Request.
  Time since last request: 0.000019 seconds.
  path: Assets/Mini UI/Panels/Plain Panel/Plain Panel PINK.png
  artifactKey: Guid(ea0cf695815e9ad438afaafa82629ca5) Importer(815301076,1909f56bfc062723c751e8b465ee728b)
Start importing Assets/Mini UI/Panels/Plain Panel/Plain Panel PINK.png using Guid(ea0cf695815e9ad438afaafa82629ca5) Importer(815301076,1909f56bfc062723c751e8b465ee728b)  -> (artifact id: '6457d29ee4607e26692fb89e28ff94ba') in 0.030374 seconds 
========================================================================
Received Import Request.
  Time since last request: 0.000020 seconds.
  path: Assets/Mini UI/Panels/Plain Panel/Plain Panel SKYBLUE.png
  artifactKey: Guid(f21c55d757ca3ef43b337bc04671eea6) Importer(815301076,1909f56bfc062723c751e8b465ee728b)
Start importing Assets/Mini UI/Panels/Plain Panel/Plain Panel SKYBLUE.png using Guid(f21c55d757ca3ef43b337bc04671eea6) Importer(815301076,1909f56bfc062723c751e8b465ee728b)  -> (artifact id: '071ce0b37e94ae81eb9ea3a98440a5da') in 0.032528 seconds 
========================================================================
Received Import Request.
  Time since last request: 0.000026 seconds.
  path: Assets/Mini UI/Tittle Bars/Other Styles/Title Bar Long/PINK PURPLE.png
  artifactKey: Guid(a57c6ac7068beba40a9e597461669be7) Importer(815301076,1909f56bfc062723c751e8b465ee728b)
Start importing Assets/Mini UI/Tittle Bars/Other Styles/Title Bar Long/PINK PURPLE.png using Guid(a57c6ac7068beba40a9e597461669be7) Importer(815301076,1909f56bfc062723c751e8b465ee728b)  -> (artifact id: '25ee2b299530c0acc3e1e24991b86cf0') in 0.055721 seconds 
========================================================================
Received Import Request.
  Time since last request: 0.000021 seconds.
  path: Assets/Mini UI/Panels/Plain Panel/Plain Panel WHITE.png
  artifactKey: Guid(9cb2b07b738fef843ac9e3a9e0d87ae8) Importer(815301076,1909f56bfc062723c751e8b465ee728b)
Start importing Assets/Mini UI/Panels/Plain Panel/Plain Panel WHITE.png using Guid(9cb2b07b738fef843ac9e3a9e0d87ae8) Importer(815301076,1909f56bfc062723c751e8b465ee728b)  -> (artifact id: '0d882c260cf155bffb1040dbf674b266') in 0.031374 seconds 
========================================================================
Received Import Request.
  Time since last request: 0.000046 seconds.
  path: Assets/Mini UI/Tittle Bars/Other Styles/Title Bar Long/PINK.png
  artifactKey: Guid(721a173696d4d1a45b4d8cd42e42b680) Importer(815301076,1909f56bfc062723c751e8b465ee728b)
Start importing Assets/Mini UI/Tittle Bars/Other Styles/Title Bar Long/PINK.png using Guid(721a173696d4d1a45b4d8cd42e42b680) Importer(815301076,1909f56bfc062723c751e8b465ee728b)  -> (artifact id: '08ac644470f753fcee86fe7ca3196f3f') in 0.039498 seconds 
========================================================================
Received Import Request.
  Time since last request: 0.000023 seconds.
  path: Assets/Mini UI/Panels/Plain Panel/Plain Panel YELLOW GREEN.png
  artifactKey: Guid(dbdf99ab643085142876e3dbe8275a63) Importer(815301076,1909f56bfc062723c751e8b465ee728b)
Start importing Assets/Mini UI/Panels/Plain Panel/Plain Panel YELLOW GREEN.png using Guid(dbdf99ab643085142876e3dbe8275a63) Importer(815301076,1909f56bfc062723c751e8b465ee728b)  -> (artifact id: '5e2d1d6e0711533d92a270519c8cdaae') in 0.033373 seconds 
========================================================================
Received Import Request.
  Time since last request: 0.000022 seconds.
  path: Assets/Mini UI/Tittle Bars/Round Style Title Bars/PINK.png
  artifactKey: Guid(b72bcc4e14ba1df4ab6c76ab24fc03f0) Importer(815301076,1909f56bfc062723c751e8b465ee728b)
Start importing Assets/Mini UI/Tittle Bars/Round Style Title Bars/PINK.png using Guid(b72bcc4e14ba1df4ab6c76ab24fc03f0) Importer(815301076,1909f56bfc062723c751e8b465ee728b)  -> (artifact id: 'db19acf538ef98b44e7f457314db47f8') in 0.024896 seconds 
========================================================================
Received Import Request.
  Time since last request: 0.000020 seconds.
  path: Assets/Mini UI/Panels/LIGHT PANELS/Pink Panel.png
  artifactKey: Guid(2110be07f373b5d40a53be43b3d1436d) Importer(815301076,1909f56bfc062723c751e8b465ee728b)
Start importing Assets/Mini UI/Panels/LIGHT PANELS/Pink Panel.png using Guid(2110be07f373b5d40a53be43b3d1436d) Importer(815301076,1909f56bfc062723c751e8b465ee728b)  -> (artifact id: '4873cb3307513b59be5e0f6b683877bf') in 0.084125 seconds 
========================================================================
Received Import Request.
  Time since last request: 0.000019 seconds.
  path: Assets/Teenage Bedroom/PostProcessing/Textures/LUTs/NeutralLUT_32.png
  artifactKey: Guid(4f98e9c96c8a48541b5eb704e92d99b8) Importer(815301076,1909f56bfc062723c751e8b465ee728b)
Start importing Assets/Teenage Bedroom/PostProcessing/Textures/LUTs/NeutralLUT_32.png using Guid(4f98e9c96c8a48541b5eb704e92d99b8) Importer(815301076,1909f56bfc062723c751e8b465ee728b)  -> (artifact id: '385376ad1f89024427b380d3e7d6b28f') in 0.016463 seconds 
========================================================================
Received Import Request.
  Time since last request: 0.095813 seconds.
  path: Assets/Teenage Bedroom/Textures/pillow.png
  artifactKey: Guid(5b73d567d46dbae4095c0451c3687a4f) Importer(815301076,1909f56bfc062723c751e8b465ee728b)
Start importing Assets/Teenage Bedroom/Textures/pillow.png using Guid(5b73d567d46dbae4095c0451c3687a4f) Importer(815301076,1909f56bfc062723c751e8b465ee728b)  -> (artifact id: 'f0a33b55a8996f9e93177b816a1d9869') in 0.015326 seconds 
========================================================================
Received Import Request.
  Time since last request: 0.000020 seconds.
  path: Assets/Teenage Bedroom/Textures/pillow 2.png
  artifactKey: Guid(693604ae56352784da6235a3145d659d) Importer(815301076,1909f56bfc062723c751e8b465ee728b)
Start importing Assets/Teenage Bedroom/Textures/pillow 2.png using Guid(693604ae56352784da6235a3145d659d) Importer(815301076,1909f56bfc062723c751e8b465ee728b)  -> (artifact id: '26283b300ad2b88ac9f56592c32bc324') in 0.011263 seconds 
========================================================================
Received Prepare
Refreshing native plugins compatible for Editor in 4.84 ms, found 3 plugins.
Preloading 0 native plugins for Editor in 0.00 ms.
Unloading 24 Unused Serialized files (Serialized files now loaded: 0)
Unloading 24 unused Assets / (364.1 KB). Loaded Objects now: 4012.
Memory consumption went from 73.9 MB to 73.5 MB.
Total: 3.724400 ms (FindLiveObjects: 0.308000 ms CreateObjectMapping: 0.188600 ms MarkObjects: 3.032500 ms  DeleteObjects: 0.193200 ms)

AssetImportParameters requested are different than current active one (requested -> active):
  custom:video-decoder-ogg-theora: a1e56fd34408186e4bbccfd4996cb3dc -> 
  custom:container-muxer-webm: aa71ff27fc2769a1b78a27578f13a17b -> 
  custom:container-demuxer-webm: 4f35f7cbe854078d1ac9338744f61a02 -> 
  custom:video-encoder-webm-vp8: eb34c28f22e8b96e1ab97ce403110664 -> 
  custom:audio-encoder-webm-vorbis: bf7c407c2cedff20999df2af8eb42d56 -> 
  custom:framework-win-MediaFoundation: 216162199b28c13a410421893ffa2e32 -> 
  custom:container-demuxer-ogg: 62fdf1f143b41e24485cea50d1cbac27 -> 
  custom:video-decoder-webm-vp8: 9c59270c3fd7afecdb556c50c9e8de78 -> 
  custom:audio-decoder-ogg-vorbis: bf7c407c2cedff20999df2af8eb42d56 -> 
