Using pre-set license
Built from '2021.3/china_unity/release' branch; Version is '2021.3.11f1c2 (2c7757f00bfe) revision 2914135'; Using compiler version '192829333'; Build Type 'Release'
OS: 'Windows 10  (10.0.19044) 64bit Professional' Language: 'en' Physical Memory: 65341 MB
BatchMode: 1, IsHumanControllingUs: 0, StartBugReporterOnCrash: 0, Is64bit: 1, IsPro: 1

COMMAND LINE ARGUMENTS:
C:\Program Files\Unity\Hub\Editor\2021.3.11f1c2\Editor\Unity.exe
-adb2
-batchMode
-noUpm
-name
AssetImportWorker0
-projectPath
D:/UnityProject/SG(1)
-logFile
Logs/AssetImportWorker0.log
-srvPort
64235
Successfully changed project path to: D:/UnityProject/SG(1)
D:/UnityProject/SG(1)
[UnityMemory] Configuration Parameters - Can be set up in boot.config
    "memorysetup-bucket-allocator-granularity=16"
    "memorysetup-bucket-allocator-bucket-count=8"
    "memorysetup-bucket-allocator-block-size=33554432"
    "memorysetup-bucket-allocator-block-count=8"
    "memorysetup-main-allocator-block-size=16777216"
    "memorysetup-thread-allocator-block-size=16777216"
    "memorysetup-gfx-main-allocator-block-size=16777216"
    "memorysetup-gfx-thread-allocator-block-size=16777216"
    "memorysetup-cache-allocator-block-size=4194304"
    "memorysetup-typetree-allocator-block-size=2097152"
    "memorysetup-profiler-bucket-allocator-granularity=16"
    "memorysetup-profiler-bucket-allocator-bucket-count=8"
    "memorysetup-profiler-bucket-allocator-block-size=33554432"
    "memorysetup-profiler-bucket-allocator-block-count=8"
    "memorysetup-profiler-allocator-block-size=16777216"
    "memorysetup-profiler-editor-allocator-block-size=1048576"
    "memorysetup-temp-allocator-size-main=16777216"
    "memorysetup-job-temp-allocator-block-size=2097152"
    "memorysetup-job-temp-allocator-block-size-background=1048576"
    "memorysetup-job-temp-allocator-reduction-small-platforms=262144"
    "memorysetup-temp-allocator-size-background-worker=32768"
    "memorysetup-temp-allocator-size-job-worker=262144"
    "memorysetup-temp-allocator-size-preload-manager=33554432"
    "memorysetup-temp-allocator-size-nav-mesh-worker=65536"
    "memorysetup-temp-allocator-size-audio-worker=65536"
    "memorysetup-temp-allocator-size-cloud-worker=32768"
    "memorysetup-temp-allocator-size-gi-baking-worker=262144"
    "memorysetup-temp-allocator-size-gfx=262144"
AS: AutoStreaming module initializing.
Refreshing native plugins compatible for Editor in 72.11 ms, found 3 plugins.
Preloading 0 native plugins for Editor in 0.00 ms.
Initialize engine version: 2021.3.11f1c2 (2c7757f00bfe)
[Subsystems] Discovering subsystems at path C:/Program Files/Unity/Hub/Editor/2021.3.11f1c2/Editor/Data/Resources/UnitySubsystems
[Subsystems] Discovering subsystems at path D:/UnityProject/SG(1)/Assets
GfxDevice: creating device client; threaded=0; jobified=0
Direct3D:
    Version:  Direct3D 11.0 [level 11.1]
    Renderer: NVIDIA GeForce RTX 3090 (ID=0x2204)
    Vendor:   NVIDIA
    VRAM:     24348 MB
    Driver:   30.0.15.1259
Initialize mono
Mono path[0] = 'C:/Program Files/Unity/Hub/Editor/2021.3.11f1c2/Editor/Data/Managed'
Mono path[1] = 'C:/Program Files/Unity/Hub/Editor/2021.3.11f1c2/Editor/Data/MonoBleedingEdge/lib/mono/unityjit-win32'
Mono config path = 'C:/Program Files/Unity/Hub/Editor/2021.3.11f1c2/Editor/Data/MonoBleedingEdge/etc'
Using monoOptions --debugger-agent=transport=dt_socket,embedding=1,server=y,suspend=n,address=127.0.0.1:56964
Begin MonoManager ReloadAssembly
Registering precompiled unity dll's ...
Register platform support module: C:/Program Files/Unity/Hub/Editor/2021.3.11f1c2/Editor/Data/PlaybackEngines/WindowsStandaloneSupport/UnityEditor.WindowsStandalone.Extensions.dll
Registered in 0.005162 seconds.
Native extension for WindowsStandalone target not found
Refreshing native plugins compatible for Editor in 69.87 ms, found 3 plugins.
Preloading 0 native plugins for Editor in 0.00 ms.
Mono: successfully reloaded assembly
- Completed reload, in  0.476 seconds
Domain Reload Profiling:
	ReloadAssembly (477ms)
		BeginReloadAssembly (54ms)
			ExecutionOrderSort (0ms)
			DisableScriptedObjects (0ms)
			BackupInstance (0ms)
			ReleaseScriptingObjects (0ms)
			CreateAndSetChildDomain (0ms)
		EndReloadAssembly (336ms)
			LoadAssemblies (52ms)
			RebuildTransferFunctionScriptingTraits (0ms)
			SetupTypeCache (70ms)
			ReleaseScriptCaches (0ms)
			RebuildScriptCaches (20ms)
			SetupLoadedEditorAssemblies (207ms)
				LogAssemblyErrors (0ms)
				InitializePlatformSupportModulesInManaged (7ms)
				SetLoadedEditorAssemblies (0ms)
				RefreshPlugins (70ms)
				BeforeProcessingInitializeOnLoad (1ms)
				ProcessInitializeOnLoadAttributes (98ms)
				ProcessInitializeOnLoadMethodAttributes (31ms)
				AfterProcessingInitializeOnLoad (0ms)
				EditorAssembliesLoaded (0ms)
			ExecutionOrderSort2 (0ms)
			AwakeInstancesAfterBackupRestoration (0ms)
Platform modules already initialized, skipping
Registering precompiled user dll's ...
Registered in 0.005982 seconds.
Begin MonoManager ReloadAssembly
Symbol file LoadedFromMemory doesn't match image D:\UnityProject\SG(1)\Library\PackageCache\com.unity.visualscripting@1.7.8\Editor\VisualScripting.Core\Dependencies\YamlDotNet\Unity.VisualScripting.YamlDotNet.dll
Symbol file LoadedFromMemory doesn't match image D:\UnityProject\SG(1)\Library\PackageCache\com.unity.visualscripting@1.7.8\Editor\VisualScripting.Core\Dependencies\DotNetZip\Unity.VisualScripting.IonicZip.dll
Native extension for WindowsStandalone target not found
Refreshing native plugins compatible for Editor in 0.67 ms, found 3 plugins.
Preloading 0 native plugins for Editor in 0.00 ms.
Mono: successfully reloaded assembly
- Completed reload, in  0.759 seconds
Domain Reload Profiling:
	ReloadAssembly (760ms)
		BeginReloadAssembly (78ms)
			ExecutionOrderSort (0ms)
			DisableScriptedObjects (4ms)
			BackupInstance (0ms)
			ReleaseScriptingObjects (0ms)
			CreateAndSetChildDomain (13ms)
		EndReloadAssembly (595ms)
			LoadAssemblies (57ms)
			RebuildTransferFunctionScriptingTraits (0ms)
			SetupTypeCache (187ms)
			ReleaseScriptCaches (0ms)
			RebuildScriptCaches (38ms)
			SetupLoadedEditorAssemblies (280ms)
				LogAssemblyErrors (0ms)
				InitializePlatformSupportModulesInManaged (4ms)
				SetLoadedEditorAssemblies (0ms)
				RefreshPlugins (1ms)
				BeforeProcessingInitializeOnLoad (68ms)
				ProcessInitializeOnLoadAttributes (176ms)
				ProcessInitializeOnLoadMethodAttributes (23ms)
				AfterProcessingInitializeOnLoad (7ms)
				EditorAssembliesLoaded (0ms)
			ExecutionOrderSort2 (0ms)
			AwakeInstancesAfterBackupRestoration (4ms)
Platform modules already initialized, skipping
========================================================================
Worker process is ready to serve import requests
Launched and connected shader compiler UnityShaderCompiler.exe after 0.03 seconds
Refreshing native plugins compatible for Editor in 0.58 ms, found 3 plugins.
Preloading 0 native plugins for Editor in 0.00 ms.
Unloading 3517 Unused Serialized files (Serialized files now loaded: 0)
Unloading 31 unused Assets / (400.5 KB). Loaded Objects now: 3990.
Memory consumption went from 140.8 MB to 140.4 MB.
Total: 2.228300 ms (FindLiveObjects: 0.192100 ms CreateObjectMapping: 0.085700 ms MarkObjects: 1.829500 ms  DeleteObjects: 0.120400 ms)

AssetImportParameters requested are different than current active one (requested -> active):
  custom:video-decoder-ogg-theora: a1e56fd34408186e4bbccfd4996cb3dc -> 
  custom:container-muxer-webm: aa71ff27fc2769a1b78a27578f13a17b -> 
  custom:container-demuxer-webm: 4f35f7cbe854078d1ac9338744f61a02 -> 
  custom:video-encoder-webm-vp8: eb34c28f22e8b96e1ab97ce403110664 -> 
  custom:audio-encoder-webm-vorbis: bf7c407c2cedff20999df2af8eb42d56 -> 
  custom:framework-win-MediaFoundation: 216162199b28c13a410421893ffa2e32 -> 
  custom:container-demuxer-ogg: 62fdf1f143b41e24485cea50d1cbac27 -> 
  custom:video-decoder-webm-vp8: 9c59270c3fd7afecdb556c50c9e8de78 -> 
  custom:audio-decoder-ogg-vorbis: bf7c407c2cedff20999df2af8eb42d56 -> 
========================================================================
Received Import Request.
  Time since last request: 860312.880616 seconds.
  path: Assets/SpitzSoft/Assorted Characters 1/Prefabs/Female_Asian_Young_Clothed.prefab
  artifactKey: Guid(88c5004fe372e364cada627777a51b8b) Importer(815301076,1909f56bfc062723c751e8b465ee728b)
Start importing Assets/SpitzSoft/Assorted Characters 1/Prefabs/Female_Asian_Young_Clothed.prefab using Guid(88c5004fe372e364cada627777a51b8b) Importer(815301076,1909f56bfc062723c751e8b465ee728b)  -> (artifact id: 'faae5f1f1fcd4a342fc7d3913ea2c0dd') in 0.289730 seconds 
========================================================================
Received Import Request.
  Time since last request: 0.000020 seconds.
  path: Assets/SpitzSoft/Assorted Characters 1
  artifactKey: Guid(166ae58cf39999940bd36ca5cd391e11) Importer(815301076,1909f56bfc062723c751e8b465ee728b)
Start importing Assets/SpitzSoft/Assorted Characters 1 using Guid(166ae58cf39999940bd36ca5cd391e11) Importer(815301076,1909f56bfc062723c751e8b465ee728b)  -> (artifact id: '5a93ea7b39e717afeb92a3edc74ee7b5') in 0.004401 seconds 
========================================================================
Received Import Request.
  Time since last request: 0.000021 seconds.
  path: Assets/SpitzSoft/Assorted Characters 1/Prefabs
  artifactKey: Guid(4e33d4534c7e3154fb7352adc4f05cec) Importer(815301076,1909f56bfc062723c751e8b465ee728b)
Start importing Assets/SpitzSoft/Assorted Characters 1/Prefabs using Guid(4e33d4534c7e3154fb7352adc4f05cec) Importer(815301076,1909f56bfc062723c751e8b465ee728b)  -> (artifact id: '666d58f2234de2b2cbf0c89638c506e2') in 0.004306 seconds 
========================================================================
Received Import Request.
  Time since last request: 0.000021 seconds.
  path: Assets/SpitzSoft/Assorted Characters 1/Prefabs/Male Young Fit 2.prefab
  artifactKey: Guid(aa72bffadbdb0924097bcdf736e11a74) Importer(815301076,1909f56bfc062723c751e8b465ee728b)
Start importing Assets/SpitzSoft/Assorted Characters 1/Prefabs/Male Young Fit 2.prefab using Guid(aa72bffadbdb0924097bcdf736e11a74) Importer(815301076,1909f56bfc062723c751e8b465ee728b)  -> (artifact id: 'b6cb388988fd6da6ea5ac236c92b6d1f') in 0.031848 seconds 
========================================================================
Received Import Request.
  Time since last request: 0.000018 seconds.
  path: Assets/SpitzSoft/Assorted Characters 1/Prefabs/Male_Cauc_Fit_Young_Tshirt.prefab
  artifactKey: Guid(710099eeca7df6f41a9958216b735fdb) Importer(815301076,1909f56bfc062723c751e8b465ee728b)
Start importing Assets/SpitzSoft/Assorted Characters 1/Prefabs/Male_Cauc_Fit_Young_Tshirt.prefab using Guid(710099eeca7df6f41a9958216b735fdb) Importer(815301076,1909f56bfc062723c751e8b465ee728b)  -> (artifact id: 'bb159d2ec85f1a5d359f6f5fdb455fae') in 0.027117 seconds 
========================================================================
Received Prepare
Registering precompiled user dll's ...
Registered in 0.004569 seconds.
Begin MonoManager ReloadAssembly
Symbol file LoadedFromMemory doesn't match image D:\UnityProject\SG(1)\Library\PackageCache\com.unity.visualscripting@1.7.8\Editor\VisualScripting.Core\Dependencies\YamlDotNet\Unity.VisualScripting.YamlDotNet.dll
Symbol file LoadedFromMemory doesn't match image D:\UnityProject\SG(1)\Library\PackageCache\com.unity.visualscripting@1.7.8\Editor\VisualScripting.Core\Dependencies\DotNetZip\Unity.VisualScripting.IonicZip.dll
Native extension for WindowsStandalone target not found
Refreshing native plugins compatible for Editor in 0.62 ms, found 3 plugins.
Preloading 0 native plugins for Editor in 0.00 ms.
Mono: successfully reloaded assembly
- Completed reload, in  0.755 seconds
Domain Reload Profiling:
	ReloadAssembly (756ms)
		BeginReloadAssembly (100ms)
			ExecutionOrderSort (0ms)
			DisableScriptedObjects (3ms)
			BackupInstance (0ms)
			ReleaseScriptingObjects (0ms)
			CreateAndSetChildDomain (25ms)
		EndReloadAssembly (584ms)
			LoadAssemblies (62ms)
			RebuildTransferFunctionScriptingTraits (0ms)
			SetupTypeCache (187ms)
			ReleaseScriptCaches (1ms)
			RebuildScriptCaches (33ms)
			SetupLoadedEditorAssemblies (269ms)
				LogAssemblyErrors (0ms)
				InitializePlatformSupportModulesInManaged (10ms)
				SetLoadedEditorAssemblies (0ms)
				RefreshPlugins (1ms)
				BeforeProcessingInitializeOnLoad (57ms)
				ProcessInitializeOnLoadAttributes (169ms)
				ProcessInitializeOnLoadMethodAttributes (24ms)
				AfterProcessingInitializeOnLoad (8ms)
				EditorAssembliesLoaded (0ms)
			ExecutionOrderSort2 (0ms)
			AwakeInstancesAfterBackupRestoration (4ms)
Platform modules already initialized, skipping
Refreshing native plugins compatible for Editor in 1.72 ms, found 3 plugins.
Preloading 0 native plugins for Editor in 0.00 ms.
Unloading 3491 Unused Serialized files (Serialized files now loaded: 0)
Unloading 24 unused Assets / (367.1 KB). Loaded Objects now: 4002.
Memory consumption went from 155.6 MB to 155.3 MB.
Total: 4.227500 ms (FindLiveObjects: 0.276500 ms CreateObjectMapping: 0.180900 ms MarkObjects: 3.633700 ms  DeleteObjects: 0.135400 ms)

AssetImportParameters requested are different than current active one (requested -> active):
  custom:video-decoder-ogg-theora: a1e56fd34408186e4bbccfd4996cb3dc -> 
  custom:container-muxer-webm: aa71ff27fc2769a1b78a27578f13a17b -> 
  custom:container-demuxer-webm: 4f35f7cbe854078d1ac9338744f61a02 -> 
  custom:video-encoder-webm-vp8: eb34c28f22e8b96e1ab97ce403110664 -> 
  custom:audio-encoder-webm-vorbis: bf7c407c2cedff20999df2af8eb42d56 -> 
  custom:framework-win-MediaFoundation: 216162199b28c13a410421893ffa2e32 -> 
  custom:container-demuxer-ogg: 62fdf1f143b41e24485cea50d1cbac27 -> 
  custom:video-decoder-webm-vp8: 9c59270c3fd7afecdb556c50c9e8de78 -> 
  custom:audio-decoder-ogg-vorbis: bf7c407c2cedff20999df2af8eb42d56 -> 
========================================================================
Received Import Request.
  Time since last request: 158.469373 seconds.
  path: Assets/SpitzSoft/Assorted Characters 1/Female_Cauc_Old_Clothed/mats/eyelashes02.mat
  artifactKey: Guid(faca4e8fa516f4f478c17fc8b1087860) Importer(815301076,1909f56bfc062723c751e8b465ee728b)
Start importing Assets/SpitzSoft/Assorted Characters 1/Female_Cauc_Old_Clothed/mats/eyelashes02.mat using Guid(faca4e8fa516f4f478c17fc8b1087860) Importer(815301076,1909f56bfc062723c751e8b465ee728b)  -> (artifact id: '8a3f442f97b955271beb100818aaaa13') in 0.077687 seconds 
========================================================================
Received Import Request.
  Time since last request: 0.000017 seconds.
  path: Assets/SpitzSoft/Assorted Characters 1/Female_Cauc_Old_Clothed/mats/male_casualsuit04.mat
  artifactKey: Guid(507bd08d222ceae4383febe88efaef39) Importer(815301076,1909f56bfc062723c751e8b465ee728b)
Start importing Assets/SpitzSoft/Assorted Characters 1/Female_Cauc_Old_Clothed/mats/male_casualsuit04.mat using Guid(507bd08d222ceae4383febe88efaef39) Importer(815301076,1909f56bfc062723c751e8b465ee728b)  -> (artifact id: '6d4eed6fde1d4a93d5189b4fd128692a') in 0.014228 seconds 
========================================================================
Received Import Request.
  Time since last request: 0.000026 seconds.
  path: Assets/SpitzSoft/Assorted Characters 1/Female_Cauc_Old_Clothed/mats/high-poly.mat
  artifactKey: Guid(845a72ce509cddf4d8b5b09b41da0c26) Importer(815301076,1909f56bfc062723c751e8b465ee728b)
Start importing Assets/SpitzSoft/Assorted Characters 1/Female_Cauc_Old_Clothed/mats/high-poly.mat using Guid(845a72ce509cddf4d8b5b09b41da0c26) Importer(815301076,1909f56bfc062723c751e8b465ee728b)  -> (artifact id: 'a9d3a250dd02c079197e7f36f89306c6') in 0.011984 seconds 
========================================================================
Received Import Request.
  Time since last request: 0.000039 seconds.
  path: Assets/SpitzSoft/Assorted Characters 1/Female_Cauc_Old_Clothed/mats/ponytail01.mat
  artifactKey: Guid(5d0b408741abb4f47957c41a86bdfbcb) Importer(815301076,1909f56bfc062723c751e8b465ee728b)
Start importing Assets/SpitzSoft/Assorted Characters 1/Female_Cauc_Old_Clothed/mats/ponytail01.mat using Guid(5d0b408741abb4f47957c41a86bdfbcb) Importer(815301076,1909f56bfc062723c751e8b465ee728b)  -> (artifact id: '992e9db0fd9b6f07865a75f685821c33') in 0.012945 seconds 
========================================================================
Received Import Request.
  Time since last request: 1.909373 seconds.
  path: Assets/SpitzSoft/Assorted Characters 1/Female_Cauc_Old_Clothed/textures/eyebrow009.png
  artifactKey: Guid(b0f4ee4bba2237f459c630f66a7b863f) Importer(815301076,1909f56bfc062723c751e8b465ee728b)
Start importing Assets/SpitzSoft/Assorted Characters 1/Female_Cauc_Old_Clothed/textures/eyebrow009.png using Guid(b0f4ee4bba2237f459c630f66a7b863f) Importer(815301076,1909f56bfc062723c751e8b465ee728b)  -> (artifact id: '9e1dae7a7a01b01af4d4c90103d9031f') in 0.036091 seconds 
========================================================================
Received Import Request.
  Time since last request: 0.000019 seconds.
  path: Assets/SpitzSoft/Assorted Characters 1/Female_Cauc_Old_Clothed/textures/male_casualsuit04_normal.png
  artifactKey: Guid(db4b22b335f75ec4e98265c7eee16822) Importer(815301076,1909f56bfc062723c751e8b465ee728b)
Start importing Assets/SpitzSoft/Assorted Characters 1/Female_Cauc_Old_Clothed/textures/male_casualsuit04_normal.png using Guid(db4b22b335f75ec4e98265c7eee16822) Importer(815301076,1909f56bfc062723c751e8b465ee728b)  -> (artifact id: '26c235fa7488a94a3820b2dc9a8cba3d') in 0.017208 seconds 
========================================================================
Received Import Request.
  Time since last request: 0.000026 seconds.
  path: Assets/SpitzSoft/Assorted Characters 1/Female_Cauc_Old_Clothed/textures/shoes01_diffuse.png
  artifactKey: Guid(7012bbffc0249774d8bb07d22d18a987) Importer(815301076,1909f56bfc062723c751e8b465ee728b)
Start importing Assets/SpitzSoft/Assorted Characters 1/Female_Cauc_Old_Clothed/textures/shoes01_diffuse.png using Guid(7012bbffc0249774d8bb07d22d18a987) Importer(815301076,1909f56bfc062723c751e8b465ee728b)  -> (artifact id: 'ec18492da81ab4d233087c28432231d1') in 0.010336 seconds 
========================================================================
Received Import Request.
  Time since last request: 0.000036 seconds.
  path: Assets/SpitzSoft/Assorted Characters 1/Female_Cauc_Old_Clothed/textures/shoes01_normal.png
  artifactKey: Guid(e44b3d4a1e80adf42903eac547c55266) Importer(815301076,1909f56bfc062723c751e8b465ee728b)
Start importing Assets/SpitzSoft/Assorted Characters 1/Female_Cauc_Old_Clothed/textures/shoes01_normal.png using Guid(e44b3d4a1e80adf42903eac547c55266) Importer(815301076,1909f56bfc062723c751e8b465ee728b)  -> (artifact id: '9b109e244313a1ea534bec42a761e5db') in 0.010448 seconds 
========================================================================
Received Import Request.
  Time since last request: 0.000022 seconds.
  path: Assets/SpitzSoft/Assorted Characters 1/Female_Cauc_Old_Clothed/textures/teeth.png
  artifactKey: Guid(2f7ef2da7e54c014cb015fb8b2bb76e1) Importer(815301076,1909f56bfc062723c751e8b465ee728b)
Start importing Assets/SpitzSoft/Assorted Characters 1/Female_Cauc_Old_Clothed/textures/teeth.png using Guid(2f7ef2da7e54c014cb015fb8b2bb76e1) Importer(815301076,1909f56bfc062723c751e8b465ee728b)  -> (artifact id: 'eba39eca634c4195b5168391ffe725c6') in 0.012755 seconds 
Editor requested this worker to shutdown with reason: Scaling down because of idle timeout
AssetImportWorker is now disconnected from the server
Process exiting
Exiting without the bug reporter. Application will terminate with return code 0